{
  "RSpec": {
    "coverage": {
      "/Users/diegocharles/Projetos/Labs/inpay-api/app/models/account.rb": {
        "lines": [
          null,
          null,
          null,
          null,
          null,
          null,
          null,
          null,
          null,
          null,
          1,
          1,
          null
        ]
      },
      "/Users/diegocharles/Projetos/Labs/inpay-api/app/models/application_record.rb": {
        "lines": [
          1,
          1,
          null
        ]
      },
      "/Users/diegocharles/Projetos/Labs/inpay-api/app/models/payment.rb": {
        "lines": [
          null,
          null,
          null,
          null,
          null,
          null,
          null,
          null,
          null,
          null,
          null,
          null,
          null,
          null,
          null,
          null,
          null,
          null,
          null,
          null,
          null,
          null,
          null,
          null,
          1,
          null,
          null,
          null,
          null,
          null,
          null,
          1,
          1,
          1,
          1,
          1,
          null,
          null,
          1,
          null,
          1,
          4,
          4,
          null,
          null,
          1,
          null,
          1,
          16,
          16,
          0,
          null,
          null,
          16,
          null,
          null
        ]
      },
      "/Users/diegocharles/Projetos/Labs/inpay-api/app/controllers/api/v1/disbursements_controller.rb": {
        "lines": [
          1,
          1,
          null,
          null,
          1,
          null,
          1,
          null,
          1,
          null,
          null,
          null,
          null,
          1,
          1,
          1,
          null,
          1,
          1,
          null,
          1,
          1,
          null,
          0,
          null,
          null,
          null,
          null,
          null,
          1,
          null,
          1,
          1,
          null,
          1,
          null,
          null,
          1,
          null,
          1,
          1,
          null,
          null,
          null
        ]
      },
      "/Users/diegocharles/Projetos/Labs/inpay-api/app/controllers/application_controller.rb": {
        "lines": [
          1,
          null
        ]
      },
      "/Users/diegocharles/Projetos/Labs/inpay-api/app/services/payment_service.rb": {
        "lines": [
          1,
          1,
          null,
          1,
          1,
          1,
          null,
          null,
          1,
          1,
          1,
          null,
          null,
          1,
          2,
          null,
          null,
          1,
          1,
          1,
          1,
          null,
          1,
          null,
          null,
          null,
          null,
          null,
          null,
          null,
          null,
          null,
          null,
          1,
          1,
          1,
          1,
          null,
          null,
          null,
          null,
          null,
          null,
          1,
          1,
          1,
          1,
          null,
          0,
          0,
          null,
          null,
          null
        ]
      },
      "/Users/diegocharles/Projetos/Labs/inpay-api/app/services/sepa_request_service.rb": {
        "lines": [
          1,
          1,
          null,
          1,
          1,
          null,
          0,
          0,
          null,
          null
        ]
      }
    },
    "timestamp": 1646762948
  }
}
